<?xml version="1.0" encoding="UTF-8"?>
<!-- Generated by org.testng.reporters.JUnitReportReporter -->
<testsuite hostname="Chiku-Chinu" failures="0" tests="5" name="com.Automation.Tests.LeadsTest" time="44.143" errors="0" timestamp="2025-04-01T04:37:38 EDT" skipped="0">
  <testcase classname="com.Automation.Tests.LeadsTest" name="TC20_leadsTab" time="6.650"/>
  <testcase classname="com.Automation.Tests.LeadsTest" name="TC21_validateLeadsDropdown" time="7.080"/>
  <testcase classname="com.Automation.Tests.LeadsTest" name="TC24_ClickNew" time="10.850"/>
  <testcase classname="com.Automation.Tests.LeadsTest" name="TC23_TodaysLeads" time="9.128"/>
  <testcase classname="com.Automation.Tests.LeadsTest" name="TC22_defaultView" time="10.435"/>
</testsuite> <!-- com.Automation.Tests.LeadsTest -->
