<?xml version="1.0" encoding="UTF-8"?>
<!-- Generated by org.testng.reporters.JUnitReportReporter -->
<testsuite hostname="Chiku-Chinu" failures="0" tests="5" name="com.Automation.Tests.OpertunityTest" time="42.788" errors="0" timestamp="2025-04-01T03:00:20 EDT" skipped="0">
  <testcase classname="com.Automation.Tests.OpertunityTest" name="TC19_QuaterlyReport" time="10.214"/>
  <testcase classname="com.Automation.Tests.OpertunityTest" name="TC18_StuckOppertunity" time="7.380"/>
  <testcase classname="com.Automation.Tests.OpertunityTest" name="TC15_opportunityDropDown" time="7.585"/>
  <testcase classname="com.Automation.Tests.OpertunityTest" name="TC16_NewOpty" time="9.722"/>
  <testcase classname="com.Automation.Tests.OpertunityTest" name="TC17_pipelineReport" time="7.887"/>
</testsuite> <!-- com.Automation.Tests.OpertunityTest -->
