<?xml version="1.0" encoding="UTF-8"?>
<!-- Generated by org.testng.reporters.JUnitReportReporter -->
<testsuite hostname="Chiku-Chinu" failures="0" tests="1" name="com.Automation.Tests.ContactTest" time="10.500" errors="0" timestamp="2025-04-01T05:28:02 EDT" skipped="0">
  <testcase classname="com.Automation.Tests.ContactTest" name="TC32_CheckSaveNewBtn" time="10.500"/>
</testsuite> <!-- com.Automation.Tests.ContactTest -->
