<?xml version="1.0" encoding="UTF-8"?>
<!-- Generated by org.testng.reporters.JUnitReportReporter -->
<testsuite hostname="Chiku-Chinu" failures="0" tests="1" name="com.Automation.Tests.AccountTest" time="17.013" errors="0" timestamp="2025-04-01T04:30:18 EDT" skipped="0">
  <testcase classname="com.Automation.Tests.AccountTest" name="TC14_CreateAccountReport" time="17.013"/>
</testsuite> <!-- com.Automation.Tests.AccountTest -->
