<?xml version="1.0" encoding="UTF-8"?>
<!-- Generated by org.testng.reporters.JUnitReportReporter -->
<testsuite hostname="Chiku-Chinu" failures="0" tests="1" name="com.Automation.Tests.UsermenuDropdownTest" time="51.478" errors="0" timestamp="2025-04-07T22:32:42 EDT" skipped="0">
  <testcase classname="com.Automation.Tests.UsermenuDropdownTest" name="TC6_MyProfile_Usermenu" time="51.478"/>
</testsuite> <!-- com.Automation.Tests.UsermenuDropdownTest -->
