<?xml version="1.0" encoding="UTF-8"?>
<!-- Generated by org.testng.reporters.JUnitReportReporter -->
<testsuite hostname="Chiku-Chinu" failures="0" tests="1" name="com.Automation.Tests.RandomTest" time="14.662" errors="0" timestamp="2025-04-01T05:55:34 EDT" skipped="0">
  <testcase classname="com.Automation.Tests.RandomTest" name="TC37_weeklyBlockingEvent" time="14.662"/>
</testsuite> <!-- com.Automation.Tests.RandomTest -->
