<?xml version="1.0" encoding="UTF-8"?>
<!-- Generated by org.testng.reporters.JUnitReportReporter -->
<testsuite hostname="Chiku-Chinu" failures="0" tests="5" name="com.Automation.Tests.LoginTest" time="46.333" errors="0" timestamp="2025-03-29T00:05:44 EDT" skipped="0">
  <testcase classname="com.Automation.Tests.LoginTest" name="TC4_ValidateLoginErrormsg" time="8.909"/>
  <testcase classname="com.Automation.Tests.LoginTest" name="TC0_PasswordErrormsg" time="5.671"/>
  <testcase classname="com.Automation.Tests.LoginTest" name="TC3_ForgotPassword" time="9.451"/>
  <testcase classname="com.Automation.Tests.LoginTest" name="TC1_LoginPage" time="11.863"/>
  <testcase classname="com.Automation.Tests.LoginTest" name="TC2_RememberMe" time="10.439"/>
</testsuite> <!-- com.Automation.Tests.LoginTest -->
