<?xml version="1.0" encoding="UTF-8"?>
<!-- Generated by org.testng.reporters.JUnitReportReporter -->
<testsuite hostname="Chiku-Chinu" failures="0" tests="1" name="Base.HomeTest" time="17.174" errors="0" timestamp="2025-05-10T00:51:43 EDT" skipped="0">
  <testcase classname="Base.HomeTest" name="fourthTest" time="17.174"/>
</testsuite> <!-- Base.HomeTest -->
