<?xml version="1.0" encoding="UTF-8"?>
<!-- Generated by org.testng.reporters.JUnitReportReporter -->
<testsuite hostname="Chiku-Chinu" failures="0" tests="2" name="LogingTest.Login" time="26.194" errors="0" timestamp="2025-05-18T18:39:24 EDT" skipped="0">
  <testcase classname="LogingTest.Login" name="LoginTest" time="6.030"/>
  <system-out/>
  <testcase classname="LogingTest.Login" name="addUserTest" time="20.164"/>
  <system-out/>
</testsuite> <!-- LogingTest.Login -->
