<?xml version="1.0" encoding="UTF-8"?>
<!-- Generated by org.testng.reporters.JUnitReportReporter -->
<testsuite hostname="Chiku-Chinu" failures="0" tests="8" name="com.Automation.Runners.SimpleRunner" time="101.285" errors="0" timestamp="2025-05-18T17:25:29 EDT" skipped="0">
  <testcase classname="com.Automation.Runners.SimpleRunner" name="runScenario" time="7.451"/>
  <testcase classname="com.Automation.Runners.SimpleRunner" name="runScenario" time="7.145"/>
  <testcase classname="com.Automation.Runners.SimpleRunner" name="runScenario" time="24.576"/>
  <testcase classname="com.Automation.Runners.SimpleRunner" name="runScenario" time="8.627"/>
  <testcase classname="com.Automation.Runners.SimpleRunner" name="runScenario" time="7.461"/>
  <testcase classname="com.Automation.Runners.SimpleRunner" name="runScenario" time="15.545"/>
  <testcase classname="com.Automation.Runners.SimpleRunner" name="runScenario" time="14.441"/>
  <testcase classname="com.Automation.Runners.SimpleRunner" name="runScenario" time="16.039"/>
</testsuite> <!-- com.Automation.Runners.SimpleRunner -->
