<?xml version="1.0" encoding="UTF-8"?>
<!-- Generated by org.testng.reporters.JUnitReportReporter -->
<testsuite hostname="Chiku-Chinu" failures="0" tests="1" name="com.Automation.Tests.UsermenuDropdownTest" time="8.817" errors="0" timestamp="2025-04-08T19:10:34 EDT" skipped="0">
  <testcase classname="com.Automation.Tests.UsermenuDropdownTest" name="TC5_UserMenuListVerification" time="8.817"/>
</testsuite> <!-- com.Automation.Tests.UsermenuDropdownTest -->
