<?xml version="1.0" encoding="UTF-8"?>
<!-- Generated by org.testng.reporters.JUnitReportReporter -->
<testsuite hostname="Chiku-Chinu" failures="0" tests="5" name="com.Automation.Tests.LoginTest" time="41.152" errors="0" timestamp="2025-04-06T03:30:05 EDT" skipped="0">
  <testcase classname="com.Automation.Tests.LoginTest" name="TC4_ValidateLoginErrormsg" time="7.646"/>
  <testcase classname="com.Automation.Tests.LoginTest" name="TC0_PasswordErrormsg" time="7.296"/>
  <testcase classname="com.Automation.Tests.LoginTest" name="TC3_ForgotPassword" time="7.465"/>
  <testcase classname="com.Automation.Tests.LoginTest" name="TC1_LoginPage" time="8.093"/>
  <testcase classname="com.Automation.Tests.LoginTest" name="TC2_RememberMe" time="10.652"/>
</testsuite> <!-- com.Automation.Tests.LoginTest -->
