<?xml version="1.0" encoding="UTF-8"?>
<!-- Generated by org.testng.reporters.JUnitReportReporter -->
<testsuite hostname="Chiku-Chinu" failures="0" tests="1" name="com.Automation.Tests.AccountTest" time="13.591" errors="0" timestamp="2025-04-08T20:25:36 EDT" skipped="0">
  <testcase classname="com.Automation.Tests.AccountTest" name="TC10_CreateAccount" time="13.591"/>
</testsuite> <!-- com.Automation.Tests.AccountTest -->
